[debug] [2021-01-20T05:30:16.062Z] ----------------------------------------------------------------------
[debug] [2021-01-20T05:30:16.065Z] Command:       C:\Program Files\nodejs\node.exe C:\Users\ceyhu\AppData\Roaming\npm\node_modules\firebase-tools\lib\bin\firebase.js hosting:channel:deploy preview_name
[debug] [2021-01-20T05:30:16.066Z] CLI Version:   9.2.1
[debug] [2021-01-20T05:30:16.066Z] Platform:      win32
[debug] [2021-01-20T05:30:16.066Z] Node Version:  v15.6.0
[debug] [2021-01-20T05:30:16.084Z] Time:          Wed Jan 20 2021 08:30:16 GMT+0300 (GMT+03:00)
[debug] [2021-01-20T05:30:16.084Z] ----------------------------------------------------------------------
[debug] [2021-01-20T05:30:16.085Z] 
[debug] [2021-01-20T05:30:16.104Z] > command requires scopes: ["email","openid","https://www.googleapis.com/auth/cloudplatformprojects.readonly","https://www.googleapis.com/auth/firebase","https://www.googleapis.com/auth/cloud-platform"]
[debug] [2021-01-20T05:30:16.105Z] > authorizing via signed-in user
[debug] [2021-01-20T05:30:16.105Z] [iam] checking project basitoyun-a6df4 for permissions ["firebase.projects.get","firebasehosting.sites.update"]
[debug] [2021-01-20T05:30:16.112Z] > refreshing access token with scopes: ["email","https://www.googleapis.com/auth/cloud-platform","https://www.googleapis.com/auth/cloudplatformprojects.readonly","https://www.googleapis.com/auth/firebase","openid"]
[debug] [2021-01-20T05:30:16.112Z] >>> HTTP REQUEST POST https://www.googleapis.com/oauth2/v3/token  
 <request body omitted>
[debug] [2021-01-20T05:30:16.428Z] <<< HTTP RESPONSE 200 {"cache-control":"no-cache, no-store, max-age=0, must-revalidate","expires":"Mon, 01 Jan 1990 00:00:00 GMT","date":"Wed, 20 Jan 2021 05:30:17 GMT","pragma":"no-cache","content-type":"application/json; charset=utf-8","vary":"X-Origin, Referer, Origin,Accept-Encoding","server":"scaffolding on HTTPServer2","x-xss-protection":"0","x-frame-options":"SAMEORIGIN","x-content-type-options":"nosniff","alt-svc":"h3-29=\":443\"; ma=2592000,h3-T051=\":443\"; ma=2592000,h3-Q050=\":443\"; ma=2592000,h3-Q046=\":443\"; ma=2592000,h3-Q043=\":443\"; ma=2592000,quic=\":443\"; ma=2592000; v=\"46,43\"","accept-ranges":"none","transfer-encoding":"chunked"}
[debug] [2021-01-20T05:30:16.473Z] >>> HTTP REQUEST POST https://cloudresourcemanager.googleapis.com/v1/projects/basitoyun-a6df4:testIamPermissions  
 {"permissions":["firebase.projects.get","firebasehosting.sites.update"]}
[debug] [2021-01-20T05:30:17.470Z] <<< HTTP RESPONSE 200 {"content-type":"application/json; charset=UTF-8","vary":"X-Origin, Referer, Origin,Accept-Encoding","date":"Wed, 20 Jan 2021 05:30:18 GMT","server":"ESF","cache-control":"private","x-xss-protection":"0","x-frame-options":"SAMEORIGIN","x-content-type-options":"nosniff","server-timing":"gfet4t7; dur=820","alt-svc":"h3-29=\":443\"; ma=2592000,h3-T051=\":443\"; ma=2592000,h3-Q050=\":443\"; ma=2592000,h3-Q046=\":443\"; ma=2592000,h3-Q043=\":443\"; ma=2592000,quic=\":443\"; ma=2592000; v=\"46,43\"","accept-ranges":"none","transfer-encoding":"chunked"}
[debug] [2021-01-20T05:30:17.472Z] > refreshing access token with scopes: []
[debug] [2021-01-20T05:30:17.473Z] >>> HTTP REQUEST POST https://www.googleapis.com/oauth2/v3/token  
 <request body omitted>
[debug] [2021-01-20T05:30:17.621Z] <<< HTTP RESPONSE 200 {"expires":"Mon, 01 Jan 1990 00:00:00 GMT","pragma":"no-cache","cache-control":"no-cache, no-store, max-age=0, must-revalidate","date":"Wed, 20 Jan 2021 05:30:19 GMT","content-type":"application/json; charset=utf-8","vary":"X-Origin, Referer, Origin,Accept-Encoding","server":"scaffolding on HTTPServer2","x-xss-protection":"0","x-frame-options":"SAMEORIGIN","x-content-type-options":"nosniff","alt-svc":"h3-29=\":443\"; ma=2592000,h3-T051=\":443\"; ma=2592000,h3-Q050=\":443\"; ma=2592000,h3-Q046=\":443\"; ma=2592000,h3-Q043=\":443\"; ma=2592000,quic=\":443\"; ma=2592000; v=\"46,43\"","accept-ranges":"none","transfer-encoding":"chunked"}
[debug] [2021-01-20T05:30:17.662Z] >>> [apiv2][query] GET https://firebase.googleapis.com/v1beta1/projects/basitoyun-a6df4 [none]
[debug] [2021-01-20T05:30:17.988Z] <<< [apiv2][status] GET https://firebase.googleapis.com/v1beta1/projects/basitoyun-a6df4 200
[debug] [2021-01-20T05:30:17.988Z] <<< [apiv2][body] GET https://firebase.googleapis.com/v1beta1/projects/basitoyun-a6df4 {"projectId":"basitoyun-a6df4","projectNumber":"649409181037","displayName":"BasitOyun","name":"projects/basitoyun-a6df4","resources":{"hostingSite":"basitoyun-a6df4","realtimeDatabaseInstance":"basitoyun-a6df4-default-rtdb"},"state":"ACTIVE"}
[info] 
[info] === Deploying to 'basitoyun-a6df4'...
[info] 
[info] i  deploying hosting 
[info] 
[info] +  Deploy complete! 
[info] 
[info] Project Console: https://console.firebase.google.com/project/basitoyun-a6df4/overview
[debug] [2021-01-20T05:30:18.167Z] TypeError: Cannot read property 'deploys' of undefined
    at C:\Users\ceyhu\AppData\Roaming\npm\node_modules\firebase-tools\lib\deploy\index.js:85:36
    at processTicksAndRejections (node:internal/process/task_queues:94:5)
    at async Command.actionFn (C:\Users\ceyhu\AppData\Roaming\npm\node_modules\firebase-tools\lib\commands\hosting-channel-deploy.js:82:5)
[error] 
[error] Error: An unexpected error has occurred.
